2016-12-03 16:25:55.180 Column ""DELETEME1480778755172"."UNUSED"" added to internal representation of table.
2016-12-03 16:25:55.187 Creating table "DELETEME1480778755172"
2016-12-03 16:25:55.192 CREATE TABLE "DELETEME1480778755172"
(
    "UNUSED" INTEGER NOT NULL
)
2016-12-03 16:25:55.195 Execution Time = 2 ms
2016-12-03 16:25:55.216 Dropping table "DELETEME1480778755172"
2016-12-03 16:25:55.217 DROP TABLE "DELETEME1480778755172"
2016-12-03 16:25:55.219 Execution Time = 1 ms
2016-12-03 16:25:55.699 Column ""DELETEME1480778755699"."UNUSED"" added to internal representation of table.
2016-12-03 16:25:55.699 Creating table "DELETEME1480778755699"
2016-12-03 16:25:55.700 CREATE TABLE "DELETEME1480778755699"
(
    "UNUSED" INTEGER NOT NULL
)
2016-12-03 16:25:55.701 Execution Time = 1 ms
2016-12-03 16:25:55.707 Dropping table "DELETEME1480778755699"
2016-12-03 16:25:55.707 DROP TABLE "DELETEME1480778755699"
2016-12-03 16:25:55.708 Execution Time = 1 ms
2016-12-03 16:25:55.831 Column ""simple"."SimpleObject"."id"" added to internal representation of table.
2016-12-03 16:25:55.833 Field [DATASTORE_ID] -> Column(s) ["simple"."SimpleObject"."id"] using mapping of type "org.datanucleus.store.rdbms.mapping.java.DatastoreIdMapping" (org.datanucleus.store.rdbms.mapping.datastore.BigIntRDBMSMapping)
2016-12-03 16:25:55.836 Table "simple"."SimpleObject" will manage the persistence of the fields for class domainapp.dom.simple.SimpleObject (inheritance strategy="new-table") 
2016-12-03 16:25:55.837 Column ""simple"."SimpleObject"."name"" added to internal representation of table.
2016-12-03 16:25:55.839 Field [domainapp.dom.simple.SimpleObject.name] -> Column(s) ["simple"."SimpleObject"."name"] using mapping of type "org.datanucleus.store.rdbms.mapping.java.StringMapping" (org.datanucleus.store.rdbms.mapping.datastore.VarCharRDBMSMapping)
2016-12-03 16:25:55.840 Column ""simple"."SimpleObject"."notes"" added to internal representation of table.
2016-12-03 16:25:55.840 Field [domainapp.dom.simple.SimpleObject.notes] -> Column(s) ["simple"."SimpleObject"."notes"] using mapping of type "org.datanucleus.store.rdbms.mapping.java.StringMapping" (org.datanucleus.store.rdbms.mapping.datastore.VarCharRDBMSMapping)
2016-12-03 16:25:55.841 Column ""simple"."SimpleObject"."version"" added to internal representation of table.
2016-12-03 16:25:55.841 Field [VERSION] -> Column(s) ["simple"."SimpleObject"."version"] using mapping of type "org.datanucleus.store.rdbms.mapping.java.VersionTimestampMapping" (org.datanucleus.store.rdbms.mapping.datastore.TimestampRDBMSMapping)
2016-12-03 16:25:55.842 Table/View "simple"."SimpleObject" has been initialised
2016-12-03 16:25:55.843 Schema Transaction started with connection "org.datanucleus.store.rdbms.datasource.dbcp.PoolingDataSource$PoolGuardConnectionWrapper@ba87c11" with isolation "serializable"
2016-12-03 16:25:55.850 Check of existence of "simple"."SimpleObject" returned no table
2016-12-03 16:25:55.851 Creating table "simple"."SimpleObject"
2016-12-03 16:25:55.851 CREATE TABLE "simple"."SimpleObject"
(
    "id" BIGINT GENERATED BY DEFAULT AS IDENTITY,
    "name" VARCHAR(40) NOT NULL,
    "notes" VARCHAR(4000) NULL,
    "version" TIMESTAMP NOT NULL,
    CONSTRAINT "SimpleObject_PK" PRIMARY KEY ("id")
)
2016-12-03 16:25:55.853 Execution Time = 1 ms
2016-12-03 16:25:55.863 Creating candidate key "SimpleObject_name_UNQ" in catalog "" schema ""simple""
2016-12-03 16:25:55.863 ALTER TABLE "simple"."SimpleObject" ADD CONSTRAINT "SimpleObject_name_UNQ" UNIQUE ("name")
2016-12-03 16:25:55.866 Execution Time = 3 ms
2016-12-03 16:25:55.867 Schema Transaction committing with connection "org.datanucleus.store.rdbms.datasource.dbcp.PoolingDataSource$PoolGuardConnectionWrapper@ba87c11"
2016-12-03 16:25:55.867 Schema Transaction closing with connection "org.datanucleus.store.rdbms.datasource.dbcp.PoolingDataSource$PoolGuardConnectionWrapper@ba87c11"
2016-12-03 16:39:43.660 SELECT 'domainapp.dom.simple.SimpleObject' AS "NUCLEUS_TYPE","A0"."name","A0"."notes","A0"."id","A0"."version" FROM "simple"."SimpleObject" "A0"
2016-12-03 16:39:45.143 SELECT 'domainapp.dom.simple.SimpleObject' AS "NUCLEUS_TYPE","A0"."name","A0"."notes","A0"."id","A0"."version" FROM "simple"."SimpleObject" "A0"
2016-12-03 16:39:45.162 SELECT 'domainapp.dom.simple.SimpleObject' AS "NUCLEUS_TYPE","A0"."name","A0"."notes","A0"."id","A0"."version" FROM "simple"."SimpleObject" "A0"
2016-12-03 16:40:05.044 INSERT INTO "simple"."SimpleObject" ("name","notes","version") VALUES (<'test'>,<null>,<2016-12-03 16:40:05.042>)
2016-12-03 16:40:05.352 SELECT "A0"."name","A0"."notes","A0"."version" FROM "simple"."SimpleObject" "A0" WHERE "A0"."id" = <0>
2016-12-03 16:40:08.429 SELECT "A0"."name","A0"."notes","A0"."version" FROM "simple"."SimpleObject" "A0" WHERE "A0"."id" = <0>
2016-12-03 16:40:09.791 SELECT "A0"."name","A0"."notes","A0"."version" FROM "simple"."SimpleObject" "A0" WHERE "A0"."id" = <0>
2016-12-03 16:40:20.014 SELECT "A0"."name","A0"."notes","A0"."version" FROM "simple"."SimpleObject" "A0" WHERE "A0"."id" = <0>
2016-12-03 16:40:20.045 BATCH [DELETE FROM "simple"."SimpleObject" WHERE "id"=<0>]
2016-12-03 16:40:20.056 SELECT 'domainapp.dom.simple.SimpleObject' AS "NUCLEUS_TYPE","A0"."name","A0"."notes","A0"."id","A0"."version" FROM "simple"."SimpleObject" "A0"
2016-12-03 16:40:20.335 SELECT 'domainapp.dom.simple.SimpleObject' AS "NUCLEUS_TYPE","A0"."name","A0"."notes","A0"."id","A0"."version" FROM "simple"."SimpleObject" "A0"
2016-12-03 16:40:20.341 SELECT 'domainapp.dom.simple.SimpleObject' AS "NUCLEUS_TYPE","A0"."name","A0"."notes","A0"."id","A0"."version" FROM "simple"."SimpleObject" "A0"
